[0m23:34:51.318373 [debug] [MainThread]: Sending event: {'category': 'dbt', 'action': 'invocation', 'label': 'start', 'context': [<snowplow_tracker.self_describing_json.SelfDescribingJson object at 0x7f586f61ac40>, <snowplow_tracker.self_describing_json.SelfDescribingJson object at 0x7f586f109f70>, <snowplow_tracker.self_describing_json.SelfDescribingJson object at 0x7f586ccbe550>]}


============================== 23:34:51.323111 | 7e70b021-e2ff-4cb6-8966-452cca5d9e59 ==============================
[0m23:34:51.323111 [info ] [MainThread]: Running with dbt=1.8.7
[0m23:34:51.324322 [debug] [MainThread]: running dbt with arguments {'printer_width': '80', 'indirect_selection': 'eager', 'write_json': 'True', 'log_cache_events': 'False', 'partial_parse': 'True', 'cache_selected_only': 'False', 'profiles_dir': '/home/ubuntu/.dbt', 'debug': 'False', 'warn_error': 'None', 'log_path': 'logs', 'fail_fast': 'False', 'version_check': 'True', 'use_colors': 'True', 'use_experimental_parser': 'False', 'empty': 'None', 'quiet': 'False', 'no_print': 'None', 'log_format': 'default', 'static_parser': 'True', 'introspect': 'True', 'warn_error_options': 'WarnErrorOptions(include=[], exclude=[])', 'target_path': 'None', 'invocation_command': 'dbt init demo_dbt', 'send_anonymous_usage_stats': 'True'}
[0m23:34:51.338467 [debug] [MainThread]: Starter project path: /home/ubuntu/dst_project/dst_airline/lib/python3.8/site-packages/dbt/include/starter_project
[0m23:34:51.343113 [info ] [MainThread]: 
Your new dbt project "demo_dbt" was created!

For more information on how to configure the profiles.yml file,
please consult the dbt documentation here:

  https://docs.getdbt.com/docs/configure-your-profile

One more thing:

Need help? Don't hesitate to reach out to us via GitHub issues or on Slack:

  https://community.getdbt.com/

Happy modeling!

[0m23:34:51.344081 [info ] [MainThread]: Setting up your profile.
[0m23:35:45.885390 [info ] [MainThread]: Profile demo_dbt written to /home/ubuntu/.dbt/profiles.yml using target's profile_template.yml and your supplied values. Run 'dbt debug' to validate the connection.
[0m23:35:45.887925 [debug] [MainThread]: Resource report: {"command_name": "init", "command_success": true, "command_wall_clock_time": 54.677814, "process_user_time": 2.683327, "process_kernel_time": 0.386061, "process_mem_max_rss": "176688", "process_out_blocks": "88", "process_in_blocks": "0"}
[0m23:35:45.888872 [debug] [MainThread]: Command `dbt init` succeeded at 23:35:45.888600 after 54.68 seconds
[0m23:35:45.889769 [debug] [MainThread]: Sending event: {'category': 'dbt', 'action': 'invocation', 'label': 'end', 'context': [<snowplow_tracker.self_describing_json.SelfDescribingJson object at 0x7f586f61ac40>, <snowplow_tracker.self_describing_json.SelfDescribingJson object at 0x7f586d27de20>, <snowplow_tracker.self_describing_json.SelfDescribingJson object at 0x7f586f0e9b80>]}
[0m23:35:45.891007 [debug] [MainThread]: Flushing usage events
[0m23:57:27.080093 [debug] [MainThread]: Sending event: {'category': 'dbt', 'action': 'invocation', 'label': 'start', 'context': [<snowplow_tracker.self_describing_json.SelfDescribingJson object at 0x7f628ff329a0>, <snowplow_tracker.self_describing_json.SelfDescribingJson object at 0x7f628e238bb0>, <snowplow_tracker.self_describing_json.SelfDescribingJson object at 0x7f628dba4dc0>]}


============================== 23:57:27.084815 | 9201a745-81cb-4b89-82c0-0314632ef0d4 ==============================
[0m23:57:27.084815 [info ] [MainThread]: Running with dbt=1.8.7
[0m23:57:27.085890 [debug] [MainThread]: running dbt with arguments {'printer_width': '80', 'indirect_selection': 'eager', 'log_cache_events': 'False', 'write_json': 'True', 'partial_parse': 'True', 'cache_selected_only': 'False', 'warn_error': 'None', 'fail_fast': 'False', 'debug': 'False', 'log_path': 'logs', 'version_check': 'True', 'profiles_dir': '/home/ubuntu/.dbt', 'use_colors': 'True', 'use_experimental_parser': 'False', 'no_print': 'None', 'quiet': 'False', 'empty': 'None', 'log_format': 'default', 'invocation_command': 'dbt debug', 'introspect': 'True', 'static_parser': 'True', 'target_path': 'None', 'warn_error_options': 'WarnErrorOptions(include=[], exclude=[])', 'send_anonymous_usage_stats': 'True'}
[0m23:57:27.100195 [info ] [MainThread]: dbt version: 1.8.7
[0m23:57:27.100999 [info ] [MainThread]: python version: 3.8.10
[0m23:57:27.101867 [info ] [MainThread]: python path: /home/ubuntu/dst_project/dst_airline/bin/python3
[0m23:57:27.102507 [info ] [MainThread]: os info: Linux-5.15.0-1081-aws-x86_64-with-glibc2.29
[0m23:57:27.976447 [info ] [MainThread]: Using profiles dir at /home/ubuntu/.dbt
[0m23:57:27.977372 [info ] [MainThread]: Using profiles.yml file at /home/ubuntu/.dbt/profiles.yml
[0m23:57:27.978200 [info ] [MainThread]: Using dbt_project.yml file at /home/ubuntu/dbt/dbt_project.yml
[0m23:57:27.979287 [info ] [MainThread]: adapter type: snowflake
[0m23:57:27.980021 [info ] [MainThread]: adapter version: 1.8.4
[0m23:57:27.980799 [info ] [MainThread]: Configuration:
[0m23:57:27.981476 [info ] [MainThread]:   profiles.yml file [[32mOK found and valid[0m]
[0m23:57:27.982815 [info ] [MainThread]:   dbt_project.yml file [[31mERROR not found[0m]
[0m23:57:27.983848 [info ] [MainThread]: Required dependencies:
[0m23:57:27.984629 [debug] [MainThread]: Executing "git --help"
[0m23:57:27.999180 [debug] [MainThread]: STDOUT: "b"usage: git [--version] [--help] [-C <path>] [-c <name>=<value>]\n           [--exec-path[=<path>]] [--html-path] [--man-path] [--info-path]\n           [-p | --paginate | -P | --no-pager] [--no-replace-objects] [--bare]\n           [--git-dir=<path>] [--work-tree=<path>] [--namespace=<name>]\n           <command> [<args>]\n\nThese are common Git commands used in various situations:\n\nstart a working area (see also: git help tutorial)\n   clone             Clone a repository into a new directory\n   init              Create an empty Git repository or reinitialize an existing one\n\nwork on the current change (see also: git help everyday)\n   add               Add file contents to the index\n   mv                Move or rename a file, a directory, or a symlink\n   restore           Restore working tree files\n   rm                Remove files from the working tree and from the index\n   sparse-checkout   Initialize and modify the sparse-checkout\n\nexamine the history and state (see also: git help revisions)\n   bisect            Use binary search to find the commit that introduced a bug\n   diff              Show changes between commits, commit and working tree, etc\n   grep              Print lines matching a pattern\n   log               Show commit logs\n   show              Show various types of objects\n   status            Show the working tree status\n\ngrow, mark and tweak your common history\n   branch            List, create, or delete branches\n   commit            Record changes to the repository\n   merge             Join two or more development histories together\n   rebase            Reapply commits on top of another base tip\n   reset             Reset current HEAD to the specified state\n   switch            Switch branches\n   tag               Create, list, delete or verify a tag object signed with GPG\n\ncollaborate (see also: git help workflows)\n   fetch             Download objects and refs from another repository\n   pull              Fetch from and integrate with another repository or a local branch\n   push              Update remote refs along with associated objects\n\n'git help -a' and 'git help -g' list available subcommands and some\nconcept guides. See 'git help <command>' or 'git help <concept>'\nto read about a specific subcommand or concept.\nSee 'git help git' for an overview of the system.\n""
[0m23:57:28.000516 [debug] [MainThread]: STDERR: "b''"
[0m23:57:28.001277 [info ] [MainThread]:  - git [[32mOK found[0m]

[0m23:57:28.002061 [info ] [MainThread]: Connection:
[0m23:57:28.002820 [info ] [MainThread]:   account: test
[0m23:57:28.003418 [info ] [MainThread]:   user: test
[0m23:57:28.004014 [info ] [MainThread]:   database: test
[0m23:57:28.004614 [info ] [MainThread]:   warehouse: test
[0m23:57:28.005287 [info ] [MainThread]:   role: test
[0m23:57:28.005915 [info ] [MainThread]:   schema: test
[0m23:57:28.006567 [info ] [MainThread]:   authenticator: None
[0m23:57:28.007231 [info ] [MainThread]:   oauth_client_id: None
[0m23:57:28.007879 [info ] [MainThread]:   query_tag: None
[0m23:57:28.008600 [info ] [MainThread]:   client_session_keep_alive: False
[0m23:57:28.009330 [info ] [MainThread]:   host: None
[0m23:57:28.009969 [info ] [MainThread]:   port: None
[0m23:57:28.010586 [info ] [MainThread]:   proxy_host: None
[0m23:57:28.011196 [info ] [MainThread]:   proxy_port: None
[0m23:57:28.011838 [info ] [MainThread]:   protocol: None
[0m23:57:28.012563 [info ] [MainThread]:   connect_retries: 1
[0m23:57:28.013336 [info ] [MainThread]:   connect_timeout: None
[0m23:57:28.014077 [info ] [MainThread]:   retry_on_database_errors: False
[0m23:57:28.014855 [info ] [MainThread]:   retry_all: False
[0m23:57:28.015471 [info ] [MainThread]:   insecure_mode: False
[0m23:57:28.016096 [info ] [MainThread]:   reuse_connections: None
[0m23:57:28.017379 [info ] [MainThread]: Registered adapter: snowflake=1.8.4
[0m23:57:28.028307 [debug] [MainThread]: Acquiring new snowflake connection 'debug'
[0m23:57:28.031983 [debug] [MainThread]: Using snowflake connection "debug"
[0m23:57:28.032936 [debug] [MainThread]: On debug: select 1 as id
[0m23:57:28.033769 [debug] [MainThread]: Opening a new connection, currently in state init
[0m23:57:29.364812 [debug] [MainThread]: Snowflake adapter: Error running SQL: select 1 as id
[0m23:57:29.365684 [debug] [MainThread]: Snowflake adapter: Rolling back transaction.
[0m23:57:29.366511 [debug] [MainThread]: On debug: No close available on handle
[0m23:57:29.367267 [info ] [MainThread]:   Connection test: [[31mERROR[0m]

[0m23:57:29.368139 [info ] [MainThread]: [31m2 checks failed:[0m
[0m23:57:29.368783 [info ] [MainThread]: Project loading failed for the following reason:
 project path </home/ubuntu/dbt/dbt_project.yml> not found

[0m23:57:29.369633 [info ] [MainThread]: dbt was unable to connect to the specified database.
The database returned the following error:

  >Database Error
  250003 (08001): 404 Not Found: post https://test.snowflakecomputing.com:443/session/v1/login-request?request_id=f7f95943-e9e1-4bf2-bf4d-c4fabaaad5f9&databaseName=test&schemaName=test&warehouse=test&roleName=test&request_guid=b9d7b85f-a187-480a-9993-649be9030a34

Check your database credentials and try again. For more information, visit:
https://docs.getdbt.com/docs/configure-your-profile


[0m23:57:29.371360 [debug] [MainThread]: Resource report: {"command_name": "debug", "command_wall_clock_time": 2.3936915, "process_user_time": 3.514444, "process_kernel_time": 0.394244, "process_mem_max_rss": "188584", "process_in_blocks": "56", "process_out_blocks": "2648", "command_success": false}
[0m23:57:29.372574 [debug] [MainThread]: Command `dbt debug` failed at 23:57:29.372108 after 2.39 seconds
[0m23:57:29.373599 [debug] [MainThread]: Connection 'debug' was properly closed.
[0m23:57:29.374633 [debug] [MainThread]: Sending event: {'category': 'dbt', 'action': 'invocation', 'label': 'end', 'context': [<snowplow_tracker.self_describing_json.SelfDescribingJson object at 0x7f628ff329a0>, <snowplow_tracker.self_describing_json.SelfDescribingJson object at 0x7f627a92b220>, <snowplow_tracker.self_describing_json.SelfDescribingJson object at 0x7f628d7b32b0>]}
[0m23:57:29.375722 [debug] [MainThread]: Flushing usage events
